[localhost_3001/assets/application.js]
[localhost_3001/assets/voxel_library.js]
[localhost_3001/assets/voxel_high_level_lib.js]
[localhost_3001/assets/acorn/acorn.js]
[localhost_3001/assets/acorn/interpreter.js]
[localhost_3001/assets/blockly_interpreter.js]
[backblue.gif]
[fade.gif]
[index.html]
[localhost_3001/assets/ajax-loader.gif]
[localhost_3001/assets/socket_manager.js]
[localhost_3001/assets/unity_message_bus.js]
[localhost_3001/assets/blockly_message_bus.js]
[localhost_3001/assets/blockly/blockly_compressed.js]
[localhost_3001/assets/blockly/blocks_compressed.js]
[localhost_3001/assets/blockly/javascript_compressed.js]
[localhost_3001/assets/blockly/unityscript_compressed.js]
[localhost_3001/assets/blockly/apps/code/minecraft.js]
[localhost_3001/assets/blockly/apps/code/examples.js]
[localhost_3001/assets/blockly/apps/common.js]
[localhost_3001/assets/blockly/msg/js/en.js]
[localhost_3001/ace-builds2/src-noconflict/ace.js]
[localhost_3001/assets/unity_chat.js]
[localhost_3001/voxlgo.html]
[ajax.googleapis.com/ajax/libs/jquery/2.1.3/jquery.min.js]
[s3-us-west-1.amazonaws.com/voxel-engine/Releases/0-14/WebGL/Unzipped/VoxLAlpha/Release/VoxLAlpha.datagz]
[s3-us-west-1.amazonaws.com/voxel-engine/Releases/0-14/WebGL/Unzipped/VoxLAlpha/Release/VoxLAlpha.jsgz]
[s3-us-west-1.amazonaws.com/voxel-engine/Releases/0-14/WebGL/Unzipped/VoxLAlpha/Release/VoxLAlpha.memgz]
[s3-us-west-1.amazonaws.com/voxel-engine/Releases/0-14/WebGL/Unzipped/VoxLAlpha/Release/UnityLoader.js]
[localhost_3001/assets/blockly/apps/common.css]
[localhost_3001/assets/blockly/apps/code/icons.png]
[localhost_3001/assets/blockly/apps/code/style.css]
[s3-us-west-1.amazonaws.com/voxel-engine/DefaultTextures/Plank.png]
[s3-us-west-1.amazonaws.com/voxel-engine/DefaultTextures/GrassSide.png]
[s3-us-west-1.amazonaws.com/voxel-engine/DefaultTextures/Wood.png]
[s3-us-west-1.amazonaws.com/voxel-engine/DefaultTextures/Dirt.png]
[s3-us-west-1.amazonaws.com/voxel-engine/DefaultTextures/PumpkinSide.png]
[s3-us-west-1.amazonaws.com/voxel-engine/DefaultTextures/Bookshelf.png]
[s3-us-west-1.amazonaws.com/voxel-engine/DefaultTextures/CactusSide.png]
[s3-us-west-1.amazonaws.com/voxel-engine/DefaultTextures/JackOLantern.png]
[s3-us-west-1.amazonaws.com/voxel-engine/DefaultTextures/MelonSide.png]
